2025-12-18 12:03:00 | INFO | repo=richrates | action=commit
2025-06-06 07:41:00 | WARN | repo=richrates | action=commit
2025-08-27 20:48:00 | INFO | repo=richrates | action=commit
2025-03-21 21:10:00 | WARN | repo=richrates | action=commit
2025-08-07 10:26:00 | DEBUG | repo=richrates | action=commit
2025-07-18 17:29:00 | DEBUG | repo=richrates | action=pull
2025-06-14 19:55:00 | INFO | repo=richrates | action=commit
2025-03-13 18:50:00 | DEBUG | repo=richrates | action=test | passed=true
2025-01-24 21:30:00 | INFO | repo=richrates | action=commit
2025-09-06 20:48:00 | DEBUG | repo=richrates | action=pull
2025-12-13 11:33:00 | WARN | repo=richrates | action=commit
2025-09-26 13:34:00 | INFO | repo=richrates | action=commit
2025-02-07 08:00:00 | DEBUG | repo=richrates | action=commit
2025-02-02 14:44:00 | INFO | repo=richrates | action=commit
2025-05-23 08:40:00 | WARN | repo=richrates | action=commit
2025-10-09 07:37:00 | WARN | repo=richrates | action=commit
2025-05-13 19:32:00 | INFO | repo=richrates | action=commit
2025-05-28 08:45:00 | WARN | repo=richrates | action=commit
2025-07-11 19:18:00 | INFO | repo=richrates | action=commit
2025-04-19 20:09:00 | DEBUG | repo=richrates | action=test | passed=true
2025-08-23 09:51:00 | DEBUG | repo=richrates | action=commit
2025-03-20 07:58:00 | WARN | repo=richrates | action=commit
2025-04-01 11:30:00 | WARN | repo=richrates | action=commit
2025-10-19 16:16:00 | WARN | repo=richrates | action=commit
2025-05-26 21:23:00 | INFO | repo=richrates | action=commit
2025-01-28 14:06:00 | INFO | repo=richrates | action=commit
2025-04-23 19:26:00 | DEBUG | repo=richrates | action=test | passed=true
2025-07-16 17:50:00 | DEBUG | repo=richrates | action=commit
2025-11-06 21:07:00 | WARN | repo=richrates | action=commit
2025-05-17 18:55:00 | WARN | repo=richrates | action=commit
2025-10-24 21:36:00 | WARN | repo=richrates | action=commit
2025-11-21 10:20:00 | WARN | repo=richrates | action=commit
2025-09-18 12:54:00 | DEBUG | repo=richrates | action=test | passed=true
2025-11-18 19:52:00 | DEBUG | repo=richrates | action=commit
2025-10-04 08:55:00 | INFO | repo=richrates | action=commit
2025-06-03 17:13:00 | INFO | repo=richrates | action=commit
2025-06-07 20:26:00 | INFO | repo=richrates | action=commit
2025-08-22 17:38:00 | DEBUG | repo=richrates | action=commit
2025-07-22 19:35:00 | DEBUG | repo=richrates | action=commit
2025-11-27 20:49:00 | WARN | repo=richrates | action=commit
2025-03-13 07:55:00 | DEBUG | repo=richrates | action=commit
2025-09-01 12:31:00 | DEBUG | repo=richrates | action=commit
2025-06-03 18:10:00 | DEBUG | repo=richrates | action=commit
2025-10-07 17:59:00 | DEBUG | repo=richrates | action=commit
2025-03-12 19:45:00 | WARN | repo=richrates | action=commit
2025-01-22 21:47:00 | INFO | repo=richrates | action=commit
2025-02-01 16:22:00 | DEBUG | repo=richrates | action=commit
2025-06-16 08:10:00 | WARN | repo=richrates | action=commit
2025-12-09 15:07:00 | WARN | repo=richrates | action=commit
2025-04-21 07:36:00 | WARN | repo=richrates | action=commit
2025-02-04 12:41:00 | INFO | repo=richrates | action=commit
2025-12-04 16:11:00 | WARN | repo=richrates | action=commit
2025-08-26 19:17:00 | INFO | repo=richrates | action=commit
2025-07-02 10:13:00 | DEBUG | repo=richrates | action=commit
2025-08-22 18:37:00 | DEBUG | repo=richrates | action=commit
2025-12-19 08:19:00 | INFO | repo=richrates | action=commit
2025-02-16 11:55:00 | DEBUG | repo=richrates | action=test | passed=true
2025-08-10 10:02:00 | INFO | repo=richrates | action=commit
